  Camera.cpp
c:\program files (x86)\windows kits\10\include\10.0.18362.0\shared\minwindef.h(130): warning C4005: 'APIENTRY': macro redefinition
  c:\users\owner\desktop\lesson_1 - copy\glad.h(32): note: see previous definition of 'APIENTRY'
  Cube.cpp
  Cylinder.cpp
c:\users\owner\desktop\lesson_1 - copy\cylinder.cpp(32): warning C4244: 'initializing': conversion from 'double' to 'float', possible loss of data
  GameObject.cpp
c:\program files (x86)\windows kits\10\include\10.0.18362.0\shared\minwindef.h(130): warning C4005: 'APIENTRY': macro redefinition
  c:\users\owner\desktop\lesson_1 - copy\glad.h(32): note: see previous definition of 'APIENTRY'
  Light.cpp
  LightManager.cpp
c:\users\owner\desktop\lesson_1 - copy\lightmanager.cpp(46): warning C4018: '<': signed/unsigned mismatch
c:\users\owner\desktop\lesson_1 - copy\lightmanager.cpp(68): warning C4018: '<': signed/unsigned mismatch
  Material.cpp
  Model.cpp
  Plane.cpp
c:\users\owner\desktop\lesson_1 - copy\plane.cpp(30): warning C4244: 'initializing': conversion from 'double' to 'float', possible loss of data
c:\users\owner\desktop\lesson_1 - copy\plane.cpp(32): warning C4244: 'initializing': conversion from 'double' to 'float', possible loss of data
  ShaderManager.cpp
  Slider.cpp
  Sphere.cpp
  Texture.cpp
c:\program files (x86)\windows kits\10\include\10.0.18362.0\shared\minwindef.h(130): warning C4005: 'APIENTRY': macro redefinition
  c:\users\owner\desktop\lesson_1 - copy\glad.h(32): note: see previous definition of 'APIENTRY'
  TheDebug.cpp
  Voronoi.cpp
c:\users\owner\desktop\lesson_1 - copy\voronoi.cpp(33): warning C4244: '=': conversion from 'int' to 'float', possible loss of data
  Water.cpp
  main.cpp
c:\program files (x86)\windows kits\10\include\10.0.18362.0\shared\minwindef.h(130): warning C4005: 'APIENTRY': macro redefinition
  c:\users\owner\desktop\lesson_1 - copy\glad.h(32): note: see previous definition of 'APIENTRY'
c:\users\owner\desktop\lesson_1 - copy\main.cpp(85): warning C4806: '==': unsafe operation: no value of type 'bool' promoted to type 'int' can equal the given constant
c:\users\owner\desktop\lesson_1 - copy\main.cpp(753): warning C4244: '=': conversion from 'Uint32' to 'float', possible loss of data
c:\users\owner\desktop\lesson_1 - copy\main.cpp(804): warning C4018: '<': signed/unsigned mismatch
  Generating code
  10 of 1286 functions ( 0.8%) were compiled, the rest were copied from previous compilation.
    0 functions were new in current compilation
    1 functions had inline decision re-evaluated but remain unchanged
  Finished generating code
  Lesson_1.vcxproj -> C:\Users\Owner\Desktop\Lesson_1 - Copy\Release\Lesson_1.exe
